# JRE version: OpenJDK Runtime Environment (8.0_91-b14) (build 1.8.0_91-b14)
# Java VM: OpenJDK 64-Bit Server VM (25.91-b14 mixed mode linux-amd64 compressed oops)
Heap:
 PSYoungGen      total 185856K, used 5620K [0x00000000ec180000, 0x00000000f8780000, 0x0000000100000000)
  eden space 180224K, 0% used [0x00000000ec180000,0x00000000ec180000,0x00000000f7180000)
  from space 5632K, 99% used [0x00000000f7c80000,0x00000000f81fd070,0x00000000f8200000)
  to   space 5120K, 0% used [0x00000000f8280000,0x00000000f8280000,0x00000000f8780000)
 ParOldGen       total 23040K, used 9014K [0x00000000c4400000, 0x00000000c5a80000, 0x00000000ec180000)
  object space 23040K, 39% used [0x00000000c4400000,0x00000000c4ccdb60,0x00000000c5a80000)
 Metaspace       used 31028K, capacity 31334K, committed 31872K, reserved 1077248K
  class space    used 3287K, capacity 3385K, committed 3456K, reserved 1048576K
GC Heap History (10 events):
Event: 11.354 GC heap after
Heap after GC invocations=7 (full 0):
 PSYoungGen      total 64512K, used 4092K [0x00000000ec180000, 0x00000000f4080000, 0x0000000100000000)
  eden space 60416K, 0% used [0x00000000ec180000,0x00000000ec180000,0x00000000efc80000)
  from space 4096K, 99% used [0x00000000efc80000,0x00000000f007f0b0,0x00000000f0080000)
  to   space 4608K, 0% used [0x00000000f3c00000,0x00000000f3c00000,0x00000000f4080000)
 ParOldGen       total 40960K, used 2378K [0x00000000c4400000, 0x00000000c6c00000, 0x00000000ec180000)
  object space 40960K, 5% used [0x00000000c4400000,0x00000000c46529f0,0x00000000c6c00000)
 Metaspace       used 18205K, capacity 18388K, committed 18688K, reserved 1067008K
  class space    used 1984K, capacity 2034K, committed 2048K, reserved 1048576K
}
Event: 13.113 GC heap before
{Heap before GC invocations=8 (full 0):
 PSYoungGen      total 64512K, used 64508K [0x00000000ec180000, 0x00000000f4080000, 0x0000000100000000)
  eden space 60416K, 100% used [0x00000000ec180000,0x00000000efc80000,0x00000000efc80000)
  from space 4096K, 99% used [0x00000000efc80000,0x00000000f007f0b0,0x00000000f0080000)
  to   space 4608K, 0% used [0x00000000f3c00000,0x00000000f3c00000,0x00000000f4080000)
 ParOldGen       total 40960K, used 2378K [0x00000000c4400000, 0x00000000c6c00000, 0x00000000ec180000)
  object space 40960K, 5% used [0x00000000c4400000,0x00000000c46529f0,0x00000000c6c00000)
 Metaspace       used 20733K, capacity 20980K, committed 21296K, reserved 1069056K
  class space    used 2293K, capacity 2386K, committed 2432K, reserved 1048576K
Event: 13.137 GC heap after
Heap after GC invocations=8 (full 0):
 PSYoungGen      total 124928K, used 3902K [0x00000000ec180000, 0x00000000f4180000, 0x0000000100000000)
  eden space 120320K, 0% used [0x00000000ec180000,0x00000000ec180000,0x00000000f3700000)
  from space 4608K, 84% used [0x00000000f3c00000,0x00000000f3fcf830,0x00000000f4080000)
  to   space 5120K, 0% used [0x00000000f3700000,0x00000000f3700000,0x00000000f3c00000)
 ParOldGen       total 40960K, used 2552K [0x00000000c4400000, 0x00000000c6c00000, 0x00000000ec180000)
  object space 40960K, 6% used [0x00000000c4400000,0x00000000c467e1b8,0x00000000c6c00000)
 Metaspace       used 20733K, capacity 20980K, committed 21296K, reserved 1069056K
  class space    used 2293K, capacity 2386K, committed 2432K, reserved 1048576K
}
Event: 13.234 GC heap before
{Heap before GC invocations=9 (full 0):
 PSYoungGen      total 124928K, used 8698K [0x00000000ec180000, 0x00000000f4180000, 0x0000000100000000)
  eden space 120320K, 3% used [0x00000000ec180000,0x00000000ec62f1d0,0x00000000f3700000)
  from space 4608K, 84% used [0x00000000f3c00000,0x00000000f3fcf830,0x00000000f4080000)
  to   space 5120K, 0% used [0x00000000f3700000,0x00000000f3700000,0x00000000f3c00000)
 ParOldGen       total 40960K, used 2552K [0x00000000c4400000, 0x00000000c6c00000, 0x00000000ec180000)
  object space 40960K, 6% used [0x00000000c4400000,0x00000000c467e1b8,0x00000000c6c00000)
 Metaspace       used 20901K, capacity 21044K, committed 21296K, reserved 1069056K
  class space    used 2315K, capacity 2386K, committed 2432K, reserved 1048576K
Event: 13.252 GC heap after
Heap after GC invocations=9 (full 0):
 PSYoungGen      total 125440K, used 1296K [0x00000000ec180000, 0x00000000f8780000, 0x0000000100000000)
  eden space 120320K, 0% used [0x00000000ec180000,0x00000000ec180000,0x00000000f3700000)
  from space 5120K, 25% used [0x00000000f3700000,0x00000000f3844020,0x00000000f3c00000)
  to   space 5120K, 0% used [0x00000000f8280000,0x00000000f8280000,0x00000000f8780000)
 ParOldGen       total 40960K, used 3680K [0x00000000c4400000, 0x00000000c6c00000, 0x00000000ec180000)
  object space 40960K, 8% used [0x00000000c4400000,0x00000000c47981e8,0x00000000c6c00000)
 Metaspace       used 20901K, capacity 21044K, committed 21296K, reserved 1069056K
  class space    used 2315K, capacity 2386K, committed 2432K, reserved 1048576K
}
Event: 13.252 GC heap before
{Heap before GC invocations=10 (full 1):
 PSYoungGen      total 125440K, used 1296K [0x00000000ec180000, 0x00000000f8780000, 0x0000000100000000)
  eden space 120320K, 0% used [0x00000000ec180000,0x00000000ec180000,0x00000000f3700000)
  from space 5120K, 25% used [0x00000000f3700000,0x00000000f3844020,0x00000000f3c00000)
  to   space 5120K, 0% used [0x00000000f8280000,0x00000000f8280000,0x00000000f8780000)
 ParOldGen       total 40960K, used 3680K [0x00000000c4400000, 0x00000000c6c00000, 0x00000000ec180000)
  object space 40960K, 8% used [0x00000000c4400000,0x00000000c47981e8,0x00000000c6c00000)
 Metaspace       used 20901K, capacity 21044K, committed 21296K, reserved 1069056K
  class space    used 2315K, capacity 2386K, committed 2432K, reserved 1048576K
Event: 13.381 GC heap after
Heap after GC invocations=10 (full 1):
 PSYoungGen      total 125440K, used 0K [0x00000000ec180000, 0x00000000f8780000, 0x0000000100000000)
  eden space 120320K, 0% used [0x00000000ec180000,0x00000000ec180000,0x00000000f3700000)
  from space 5120K, 0% used [0x00000000f3700000,0x00000000f3700000,0x00000000f3c00000)
  to   space 5120K, 0% used [0x00000000f8280000,0x00000000f8280000,0x00000000f8780000)
 ParOldGen       total 23040K, used 3813K [0x00000000c4400000, 0x00000000c5a80000, 0x00000000ec180000)
  object space 23040K, 16% used [0x00000000c4400000,0x00000000c47b97d8,0x00000000c5a80000)
 Metaspace       used 20901K, capacity 21044K, committed 21296K, reserved 1069056K
  class space    used 2315K, capacity 2386K, committed 2432K, reserved 1048576K
}
Event: 18.579 GC heap before
{Heap before GC invocations=11 (full 1):
 PSYoungGen      total 125440K, used 120320K [0x00000000ec180000, 0x00000000f8780000, 0x0000000100000000)
  eden space 120320K, 100% used [0x00000000ec180000,0x00000000f3700000,0x00000000f3700000)
  from space 5120K, 0% used [0x00000000f3700000,0x00000000f3700000,0x00000000f3c00000)
  to   space 5120K, 0% used [0x00000000f8280000,0x00000000f8280000,0x00000000f8780000)
 ParOldGen       total 23040K, used 3813K [0x00000000c4400000, 0x00000000c5a80000, 0x00000000ec180000)
  object space 23040K, 16% used [0x00000000c4400000,0x00000000c47b97d8,0x00000000c5a80000)
 Metaspace       used 25959K, capacity 26198K, committed 26624K, reserved 1073152K
  class space    used 2865K, capacity 2971K, committed 3072K, reserved 1048576K
Event: 18.605 GC heap after
Heap after GC invocations=11 (full 1):
 PSYoungGen      total 185344K, used 5095K [0x00000000ec180000, 0x00000000f8780000, 0x0000000100000000)
  eden space 180224K, 0% used [0x00000000ec180000,0x00000000ec180000,0x00000000f7180000)
  from space 5120K, 99% used [0x00000000f8280000,0x00000000f8779e60,0x00000000f8780000)
  to   space 5632K, 0% used [0x00000000f7c80000,0x00000000f7c80000,0x00000000f8200000)
 ParOldGen       total 23040K, used 4033K [0x00000000c4400000, 0x00000000c5a80000, 0x00000000ec180000)
  object space 23040K, 17% used [0x00000000c4400000,0x00000000c47f04a8,0x00000000c5a80000)
 Metaspace       used 25959K, capacity 26198K, committed 26624K, reserved 1073152K
  class space    used 2865K, capacity 2971K, committed 3072K, reserved 1048576K
}
Event: 26.382 GC heap before
{Heap before GC invocations=12 (full 1):
 PSYoungGen      total 185344K, used 185319K [0x00000000ec180000, 0x00000000f8780000, 0x0000000100000000)
  eden space 180224K, 100% used [0x00000000ec180000,0x00000000f7180000,0x00000000f7180000)
  from space 5120K, 99% used [0x00000000f8280000,0x00000000f8779e60,0x00000000f8780000)
  to   space 5632K, 0% used [0x00000000f7c80000,0x00000000f7c80000,0x00000000f8200000)
 ParOldGen       total 23040K, used 4033K [0x00000000c4400000, 0x00000000c5a80000, 0x00000000ec180000)
  object space 23040K, 17% used [0x00000000c4400000,0x00000000c47f04a8,0x00000000c5a80000)
 Metaspace       used 31028K, capacity 31334K, committed 31872K, reserved 1077248K
  class space    used 3287K, capacity 3385K, committed 3456K, reserved 1048576K

